2023-08-28 21:30:22,447:WARNING:
'cuml' is a soft dependency and not included in the pycaret installation. Please run: `pip install cuml` to install.
2023-08-28 21:30:22,447:WARNING:
'cuml' is a soft dependency and not included in the pycaret installation. Please run: `pip install cuml` to install.
2023-08-28 21:30:22,447:WARNING:
'cuml' is a soft dependency and not included in the pycaret installation. Please run: `pip install cuml` to install.
2023-08-28 21:30:22,447:WARNING:
'cuml' is a soft dependency and not included in the pycaret installation. Please run: `pip install cuml` to install.
2023-08-28 21:30:23,542:WARNING:/home/henrico/Github/Python/Faculdade/FIAP/Segundo_ano/2o_semestre/NEUROMORFICA/kubernets/app/app.py:26: SettingWithCopyWarning: 
A value is trying to be set on a copy of a slice from a DataFrame

See the caveats in the documentation: https://pandas.pydata.org/pandas-docs/stable/user_guide/indexing.html#returning-a-view-versus-a-copy
  df["date"][idx] = df["created_at"][idx].split("-")[0]

2023-08-28 21:30:23,545:WARNING:/home/henrico/Github/Python/Faculdade/FIAP/Segundo_ano/2o_semestre/NEUROMORFICA/kubernets/app/app.py:28: SettingWithCopyWarning: 
A value is trying to be set on a copy of a slice from a DataFrame

See the caveats in the documentation: https://pandas.pydata.org/pandas-docs/stable/user_guide/indexing.html#returning-a-view-versus-a-copy
  df["time"][idx] = df["created_at"][idx].split("-")[1]

2023-08-28 21:30:23,548:WARNING:/home/henrico/Github/Python/Faculdade/FIAP/Segundo_ano/2o_semestre/NEUROMORFICA/kubernets/app/app.py:30: SettingWithCopyWarning: 
A value is trying to be set on a copy of a slice from a DataFrame

See the caveats in the documentation: https://pandas.pydata.org/pandas-docs/stable/user_guide/indexing.html#returning-a-view-versus-a-copy
  df["local"][idx] = df["created_at"][idx].split("-")[-1]

2023-08-28 21:30:23,561:INFO:Initializing load_model()
2023-08-28 21:30:23,562:INFO:load_model(model_name=model_pickle, platform=None, authentication=None, verbose=True)
