2023-08-29 22:23:37,315:WARNING:
'cuml' is a soft dependency and not included in the pycaret installation. Please run: `pip install cuml` to install.
2023-08-29 22:23:37,315:WARNING:
'cuml' is a soft dependency and not included in the pycaret installation. Please run: `pip install cuml` to install.
2023-08-29 22:23:37,315:WARNING:
'cuml' is a soft dependency and not included in the pycaret installation. Please run: `pip install cuml` to install.
2023-08-29 22:23:37,315:WARNING:
'cuml' is a soft dependency and not included in the pycaret installation. Please run: `pip install cuml` to install.
2023-08-29 22:26:02,907:INFO:PyCaret ClusteringExperiment
2023-08-29 22:26:02,907:INFO:Logging name: cluster-default-name
2023-08-29 22:26:02,907:INFO:ML Usecase: MLUsecase.CLUSTERING
2023-08-29 22:26:02,907:INFO:version 3.0.4
2023-08-29 22:26:02,907:INFO:Initializing setup()
2023-08-29 22:26:02,907:INFO:self.USI: 566a
2023-08-29 22:26:02,907:INFO:self._variable_keys: {'idx', 'exp_name_log', 'X', '_ml_usecase', '_available_plots', 'n_jobs_param', 'pipeline', 'seed', 'USI', 'exp_id', 'memory', 'html_param', 'data', 'gpu_param', 'logging_param', 'log_plots_param', 'gpu_n_jobs_param'}
2023-08-29 22:26:02,908:INFO:Checking environment
2023-08-29 22:26:02,908:INFO:python_version: 3.10.12
2023-08-29 22:26:02,908:INFO:python_build: ('main', 'Jun 11 2023 05:26:28')
2023-08-29 22:26:02,908:INFO:machine: x86_64
2023-08-29 22:26:02,908:INFO:platform: Linux-6.2.0-26-generic-x86_64-with-glibc2.35
2023-08-29 22:26:02,908:INFO:Memory: svmem(total=67341221888, available=57859305472, percent=14.1, used=8564871168, free=49018740736, active=2511908864, inactive=14168018944, buffers=461328384, cached=9296281600, shared=175935488, slab=1035853824)
2023-08-29 22:26:02,909:INFO:Physical Core: 6
2023-08-29 22:26:02,909:INFO:Logical Core: 12
2023-08-29 22:26:02,909:INFO:Checking libraries
2023-08-29 22:26:02,909:INFO:System:
2023-08-29 22:26:02,909:INFO:    python: 3.10.12 (main, Jun 11 2023, 05:26:28) [GCC 11.4.0]
2023-08-29 22:26:02,909:INFO:executable: /home/henrico/Github/venv/bin/python
2023-08-29 22:26:02,909:INFO:   machine: Linux-6.2.0-26-generic-x86_64-with-glibc2.35
2023-08-29 22:26:02,909:INFO:PyCaret required dependencies:
2023-08-29 22:26:02,931:INFO:                 pip: 22.0.2
2023-08-29 22:26:02,931:INFO:          setuptools: 59.6.0
2023-08-29 22:26:02,931:INFO:             pycaret: 3.0.4
2023-08-29 22:26:02,931:INFO:             IPython: 8.14.0
2023-08-29 22:26:02,931:INFO:          ipywidgets: 7.8.0
2023-08-29 22:26:02,931:INFO:                tqdm: 4.65.1
2023-08-29 22:26:02,931:INFO:               numpy: 1.23.5
2023-08-29 22:26:02,931:INFO:              pandas: 1.5.3
2023-08-29 22:26:02,931:INFO:              jinja2: 3.1.2
2023-08-29 22:26:02,931:INFO:               scipy: 1.11.1
2023-08-29 22:26:02,931:INFO:              joblib: 1.3.1
2023-08-29 22:26:02,931:INFO:             sklearn: 1.2.2
2023-08-29 22:26:02,931:INFO:                pyod: 1.1.0
2023-08-29 22:26:02,931:INFO:            imblearn: 0.11.0
2023-08-29 22:26:02,931:INFO:   category_encoders: 2.6.2
2023-08-29 22:26:02,931:INFO:            lightgbm: 4.0.0
2023-08-29 22:26:02,931:INFO:               numba: 0.57.1
2023-08-29 22:26:02,931:INFO:            requests: 2.31.0
2023-08-29 22:26:02,931:INFO:          matplotlib: 3.7.2
2023-08-29 22:26:02,931:INFO:          scikitplot: 0.3.7
2023-08-29 22:26:02,931:INFO:         yellowbrick: 1.5
2023-08-29 22:26:02,931:INFO:              plotly: 5.16.1
2023-08-29 22:26:02,931:INFO:    plotly-resampler: Not installed
2023-08-29 22:26:02,931:INFO:             kaleido: 0.2.1
2023-08-29 22:26:02,931:INFO:           schemdraw: 0.15
2023-08-29 22:26:02,931:INFO:         statsmodels: 0.14.0
2023-08-29 22:26:02,931:INFO:              sktime: 0.22.0
2023-08-29 22:26:02,931:INFO:               tbats: 1.1.3
2023-08-29 22:26:02,931:INFO:            pmdarima: 2.0.3
2023-08-29 22:26:02,931:INFO:              psutil: 5.9.5
2023-08-29 22:26:02,931:INFO:          markupsafe: 2.1.3
2023-08-29 22:26:02,931:INFO:             pickle5: Not installed
2023-08-29 22:26:02,931:INFO:         cloudpickle: 2.2.1
2023-08-29 22:26:02,931:INFO:         deprecation: 2.1.0
2023-08-29 22:26:02,931:INFO:              xxhash: 3.3.0
2023-08-29 22:26:02,931:INFO:           wurlitzer: 3.0.3
2023-08-29 22:26:02,931:INFO:PyCaret optional dependencies:
2023-08-29 22:26:03,803:INFO:                shap: Not installed
2023-08-29 22:26:03,803:INFO:           interpret: Not installed
2023-08-29 22:26:03,803:INFO:                umap: Not installed
2023-08-29 22:26:03,803:INFO:    pandas_profiling: Not installed
2023-08-29 22:26:03,803:INFO:  explainerdashboard: Not installed
2023-08-29 22:26:03,803:INFO:             autoviz: Not installed
2023-08-29 22:26:03,803:INFO:           fairlearn: Not installed
2023-08-29 22:26:03,803:INFO:          deepchecks: Not installed
2023-08-29 22:26:03,803:INFO:             xgboost: Not installed
2023-08-29 22:26:03,803:INFO:            catboost: Not installed
2023-08-29 22:26:03,803:INFO:              kmodes: Not installed
2023-08-29 22:26:03,803:INFO:             mlxtend: Not installed
2023-08-29 22:26:03,803:INFO:       statsforecast: Not installed
2023-08-29 22:26:03,803:INFO:        tune_sklearn: Not installed
2023-08-29 22:26:03,803:INFO:                 ray: Not installed
2023-08-29 22:26:03,803:INFO:            hyperopt: Not installed
2023-08-29 22:26:03,803:INFO:              optuna: Not installed
2023-08-29 22:26:03,803:INFO:               skopt: Not installed
2023-08-29 22:26:03,803:INFO:              mlflow: Not installed
2023-08-29 22:26:03,803:INFO:              gradio: 3.32.0
2023-08-29 22:26:03,803:INFO:             fastapi: 0.94.0
2023-08-29 22:26:03,803:INFO:             uvicorn: 0.23.2
2023-08-29 22:26:03,803:INFO:              m2cgen: Not installed
2023-08-29 22:26:03,803:INFO:           evidently: Not installed
2023-08-29 22:26:03,803:INFO:               fugue: Not installed
2023-08-29 22:26:03,804:INFO:           streamlit: 1.25.0
2023-08-29 22:26:03,804:INFO:             prophet: Not installed
2023-08-29 22:26:03,804:INFO:None
2023-08-29 22:26:03,804:INFO:Set up data.
2023-08-29 22:26:03,830:INFO:Set up index.
2023-08-29 22:26:03,830:INFO:Assigning column types.
2023-08-29 22:26:03,832:INFO:Engine successfully changes for model 'kmeans' to 'sklearn'.
2023-08-29 22:26:03,832:INFO:Engine for model 'dbscan' has not been set explicitly, hence returning None.
2023-08-29 22:26:03,832:WARNING:
'kmodes' is a soft dependency and not included in the pycaret installation. Please run: `pip install kmodes` to install.
Alternately, you can install this by running `pip install pycaret[models]`
2023-08-29 22:26:03,833:INFO:Engine for model 'dbscan' has not been set explicitly, hence returning None.
2023-08-29 22:26:03,833:WARNING:
'kmodes' is a soft dependency and not included in the pycaret installation. Please run: `pip install kmodes` to install.
Alternately, you can install this by running `pip install pycaret[models]`
2023-08-29 22:26:03,833:INFO:Engine successfully changes for model 'dbscan' to 'sklearn'.
2023-08-29 22:26:03,833:WARNING:
'kmodes' is a soft dependency and not included in the pycaret installation. Please run: `pip install kmodes` to install.
Alternately, you can install this by running `pip install pycaret[models]`
2023-08-29 22:26:03,833:WARNING:
'kmodes' is a soft dependency and not included in the pycaret installation. Please run: `pip install kmodes` to install.
Alternately, you can install this by running `pip install pycaret[models]`
2023-08-29 22:26:03,834:INFO:Preparing preprocessing pipeline...
2023-08-29 22:26:03,834:INFO:Set up simple imputation.
2023-08-29 22:26:03,845:INFO:Finished creating preprocessing pipeline.
2023-08-29 22:26:03,849:INFO:Pipeline: Pipeline(memory=FastMemory(location=/tmp/joblib),
         steps=[('numerical_imputer',
                 TransformerWrapper(include=['feature_1', 'feature_2',
                                             'feature_3', 'feature_4',
                                             'feature_5', 'feature_6',
                                             'feature_7', 'feature_8',
                                             'feature_9', 'feature_10',
                                             'feature_11', 'feature_12',
                                             'feature_13', 'feature_14',
                                             'feature_15', 'feature_16',
                                             'feature_17', 'feature_18',
                                             'feature_19', 'feature_20',
                                             'feature_21', 'feature_22',
                                             'feature_23', 'feature_24',
                                             'feature_25', 'feature_26',
                                             'feature_27', 'feature_28',
                                             'feature_29', 'feature_30', ...],
                                    transformer=SimpleImputer())),
                ('categorical_imputer',
                 TransformerWrapper(include=[],
                                    transformer=SimpleImputer(strategy='most_frequent')))])
2023-08-29 22:26:03,849:INFO:Creating final display dataframe.
2023-08-29 22:26:03,862:INFO:Setup _display_container:                Description                 Value
0               Session id                   123
1      Original data shape            (354, 153)
2   Transformed data shape            (354, 153)
3         Numeric features                   153
4               Preprocess                  True
5          Imputation type                simple
6       Numeric imputation                  mean
7   Categorical imputation                  mode
8                 CPU Jobs                    -1
9                  Use GPU                 False
10          Log Experiment                 False
11         Experiment Name  cluster-default-name
12                     USI                  566a
2023-08-29 22:26:03,868:WARNING:
'kmodes' is a soft dependency and not included in the pycaret installation. Please run: `pip install kmodes` to install.
Alternately, you can install this by running `pip install pycaret[models]`
2023-08-29 22:26:03,868:WARNING:
'kmodes' is a soft dependency and not included in the pycaret installation. Please run: `pip install kmodes` to install.
Alternately, you can install this by running `pip install pycaret[models]`
2023-08-29 22:26:03,868:INFO:setup() successfully completed in 0.96s...............
2023-08-29 22:26:07,172:INFO:Initializing create_model()
2023-08-29 22:26:07,172:INFO:create_model(self=<pycaret.clustering.oop.ClusteringExperiment object at 0x7f35a9fe2560>, estimator=kmeans, num_clusters=4, fraction=0.05, ground_truth=None, round=4, fit_kwargs=None, experiment_custom_tags=None, verbose=True, system=True, add_to_model_list=True, raise_num_clusters=False, display=None, kwargs={})
2023-08-29 22:26:07,172:INFO:Checking exceptions
2023-08-29 22:26:07,210:INFO:Importing untrained model
2023-08-29 22:26:07,213:INFO:K-Means Clustering Imported successfully
2023-08-29 22:26:07,217:INFO:Fitting Model
2023-08-29 22:26:07,235:WARNING:/home/henrico/Github/venv/lib/python3.10/site-packages/sklearn/cluster/_kmeans.py:870: FutureWarning:

The default value of `n_init` will change from 10 to 'auto' in 1.4. Set the value of `n_init` explicitly to suppress the warning


2023-08-29 22:26:07,951:INFO:KMeans(n_clusters=4, random_state=123)
2023-08-29 22:26:07,951:INFO:create_models() successfully completed......................................
2023-08-29 22:26:07,954:INFO:Uploading results into container
2023-08-29 22:26:07,956:INFO:Uploading model into container now
2023-08-29 22:26:07,963:INFO:_master_model_container: 1
2023-08-29 22:26:07,964:INFO:_display_container: 2
2023-08-29 22:26:07,964:INFO:KMeans(n_clusters=4, random_state=123)
2023-08-29 22:26:07,964:INFO:create_model() successfully completed......................................
2023-08-29 22:26:14,237:INFO:Initializing create_model()
2023-08-29 22:26:14,237:INFO:create_model(self=<pycaret.clustering.oop.ClusteringExperiment object at 0x7f35a9fe2560>, estimator=dbscan, num_clusters=4, fraction=0.05, ground_truth=None, round=4, fit_kwargs=None, experiment_custom_tags=None, verbose=True, system=True, add_to_model_list=True, raise_num_clusters=False, display=None, kwargs={})
2023-08-29 22:26:14,237:INFO:Checking exceptions
2023-08-29 22:26:14,282:INFO:Importing untrained model
2023-08-29 22:26:14,286:INFO:Density-Based Spatial Clustering Imported successfully
2023-08-29 22:26:14,291:INFO:Fitting Model
2023-08-29 22:26:14,369:INFO:DBSCAN(n_jobs=-1)
2023-08-29 22:26:14,369:INFO:create_models() successfully completed......................................
2023-08-29 22:26:14,372:INFO:Uploading results into container
2023-08-29 22:26:14,375:INFO:Uploading model into container now
2023-08-29 22:26:14,380:INFO:_master_model_container: 2
2023-08-29 22:26:14,380:INFO:_display_container: 3
2023-08-29 22:26:14,380:INFO:DBSCAN(n_jobs=-1)
2023-08-29 22:26:14,380:INFO:create_model() successfully completed......................................
2023-08-29 22:26:17,536:INFO:Initializing create_model()
2023-08-29 22:26:17,536:INFO:create_model(self=<pycaret.clustering.oop.ClusteringExperiment object at 0x7f35a9fe2560>, estimator=meanshift, num_clusters=4, fraction=0.05, ground_truth=None, round=4, fit_kwargs=None, experiment_custom_tags=None, verbose=True, system=True, add_to_model_list=True, raise_num_clusters=False, display=None, kwargs={})
2023-08-29 22:26:17,536:INFO:Checking exceptions
2023-08-29 22:26:17,578:INFO:Importing untrained model
2023-08-29 22:26:17,583:INFO:Mean Shift Clustering Imported successfully
2023-08-29 22:26:17,588:INFO:Fitting Model
2023-08-29 22:26:18,623:WARNING:/home/henrico/Github/venv/lib/python3.10/site-packages/pycaret/utils/generic.py:528: UserWarning:

Traceback (most recent call last):
  File "/home/henrico/Github/venv/lib/python3.10/site-packages/pycaret/utils/generic.py", line 526, in _calculate_unsupervised_metric
    calculated_metric = score_func(target, labels, **container.args)
  File "/home/henrico/Github/venv/lib/python3.10/site-packages/sklearn/metrics/cluster/_unsupervised.py", line 117, in silhouette_score
    return np.mean(silhouette_samples(X, labels, metric=metric, **kwds))
  File "/home/henrico/Github/venv/lib/python3.10/site-packages/sklearn/metrics/cluster/_unsupervised.py", line 231, in silhouette_samples
    check_number_of_labels(len(le.classes_), n_samples)
  File "/home/henrico/Github/venv/lib/python3.10/site-packages/sklearn/metrics/cluster/_unsupervised.py", line 33, in check_number_of_labels
    raise ValueError(
ValueError: Number of labels is 1. Valid values are 2 to n_samples - 1 (inclusive)



2023-08-29 22:26:18,625:WARNING:/home/henrico/Github/venv/lib/python3.10/site-packages/pycaret/utils/generic.py:528: UserWarning:

Traceback (most recent call last):
  File "/home/henrico/Github/venv/lib/python3.10/site-packages/pycaret/utils/generic.py", line 526, in _calculate_unsupervised_metric
    calculated_metric = score_func(target, labels, **container.args)
  File "/home/henrico/Github/venv/lib/python3.10/site-packages/sklearn/metrics/cluster/_unsupervised.py", line 290, in calinski_harabasz_score
    check_number_of_labels(n_labels, n_samples)
  File "/home/henrico/Github/venv/lib/python3.10/site-packages/sklearn/metrics/cluster/_unsupervised.py", line 33, in check_number_of_labels
    raise ValueError(
ValueError: Number of labels is 1. Valid values are 2 to n_samples - 1 (inclusive)



2023-08-29 22:26:18,627:WARNING:/home/henrico/Github/venv/lib/python3.10/site-packages/pycaret/utils/generic.py:528: UserWarning:

Traceback (most recent call last):
  File "/home/henrico/Github/venv/lib/python3.10/site-packages/pycaret/utils/generic.py", line 526, in _calculate_unsupervised_metric
    calculated_metric = score_func(target, labels, **container.args)
  File "/home/henrico/Github/venv/lib/python3.10/site-packages/sklearn/metrics/cluster/_unsupervised.py", line 348, in davies_bouldin_score
    check_number_of_labels(n_labels, n_samples)
  File "/home/henrico/Github/venv/lib/python3.10/site-packages/sklearn/metrics/cluster/_unsupervised.py", line 33, in check_number_of_labels
    raise ValueError(
ValueError: Number of labels is 1. Valid values are 2 to n_samples - 1 (inclusive)



2023-08-29 22:26:18,627:INFO:MeanShift(n_jobs=-1)
2023-08-29 22:26:18,627:INFO:create_models() successfully completed......................................
2023-08-29 22:26:18,630:INFO:Uploading results into container
2023-08-29 22:26:18,631:INFO:Uploading model into container now
2023-08-29 22:26:18,635:INFO:_master_model_container: 3
2023-08-29 22:26:18,635:INFO:_display_container: 4
2023-08-29 22:26:18,635:INFO:MeanShift(n_jobs=-1)
2023-08-29 22:26:18,635:INFO:create_model() successfully completed......................................
2023-08-29 22:26:29,490:INFO:Initializing assign_model()
2023-08-29 22:26:29,490:INFO:assign_model(self=<pycaret.clustering.oop.ClusteringExperiment object at 0x7f35a9fe2560>, model=KMeans(n_clusters=4, random_state=123), transformation=False, score=True, verbose=True)
2023-08-29 22:26:29,490:INFO:Checking exceptions
2023-08-29 22:26:29,490:INFO:Determining Trained Model
2023-08-29 22:26:29,490:INFO:Trained Model : K-Means Clustering
2023-08-29 22:26:29,490:INFO:Copying data
2023-08-29 22:26:29,492:INFO:(354, 154)
2023-08-29 22:26:29,492:INFO:assign_model() successfully completed......................................
2023-08-29 22:26:51,669:INFO:Initializing assign_model()
2023-08-29 22:26:51,669:INFO:assign_model(self=<pycaret.clustering.oop.ClusteringExperiment object at 0x7f35a9fe2560>, model=DBSCAN(n_jobs=-1), transformation=False, score=True, verbose=True)
2023-08-29 22:26:51,669:INFO:Checking exceptions
2023-08-29 22:26:51,670:INFO:Determining Trained Model
2023-08-29 22:26:51,670:INFO:Trained Model : Density-Based Spatial Clustering
2023-08-29 22:26:51,670:INFO:Copying data
2023-08-29 22:26:51,672:INFO:(354, 154)
2023-08-29 22:26:51,672:INFO:assign_model() successfully completed......................................
2023-08-29 22:26:54,661:INFO:Initializing assign_model()
2023-08-29 22:26:54,661:INFO:assign_model(self=<pycaret.clustering.oop.ClusteringExperiment object at 0x7f35a9fe2560>, model=MeanShift(n_jobs=-1), transformation=False, score=True, verbose=True)
2023-08-29 22:26:54,661:INFO:Checking exceptions
2023-08-29 22:26:54,661:INFO:Determining Trained Model
2023-08-29 22:26:54,662:INFO:Trained Model : Mean Shift Clustering
2023-08-29 22:26:54,662:INFO:Copying data
2023-08-29 22:26:54,664:INFO:(354, 154)
2023-08-29 22:26:54,664:INFO:assign_model() successfully completed......................................
2023-08-29 22:26:57,096:INFO:Initializing plot_model()
2023-08-29 22:26:57,096:INFO:plot_model(plot=elbow, fold=None, verbose=True, display=None, display_format=None, estimator=KMeans(n_clusters=4, random_state=123), feature_name=None, fit_kwargs=None, groups=None, label=False, plot_kwargs=None, save=False, scale=1, self=<pycaret.clustering.oop.ClusteringExperiment object at 0x7f35a9fe2560>, system=True)
2023-08-29 22:26:57,096:INFO:Checking exceptions
2023-08-29 22:26:57,099:INFO:Preloading libraries
2023-08-29 22:26:57,099:INFO:Copying training dataset
2023-08-29 22:26:57,100:INFO:Plot type: elbow
2023-08-29 22:26:57,120:INFO:Fitting Model
2023-08-29 22:26:57,124:WARNING:/home/henrico/Github/venv/lib/python3.10/site-packages/sklearn/cluster/_kmeans.py:870: FutureWarning:

The default value of `n_init` will change from 10 to 'auto' in 1.4. Set the value of `n_init` explicitly to suppress the warning


2023-08-29 22:26:57,683:WARNING:/home/henrico/Github/venv/lib/python3.10/site-packages/sklearn/cluster/_kmeans.py:870: FutureWarning:

The default value of `n_init` will change from 10 to 'auto' in 1.4. Set the value of `n_init` explicitly to suppress the warning


2023-08-29 22:26:58,336:WARNING:/home/henrico/Github/venv/lib/python3.10/site-packages/sklearn/cluster/_kmeans.py:870: FutureWarning:

The default value of `n_init` will change from 10 to 'auto' in 1.4. Set the value of `n_init` explicitly to suppress the warning


2023-08-29 22:26:59,085:WARNING:/home/henrico/Github/venv/lib/python3.10/site-packages/sklearn/cluster/_kmeans.py:870: FutureWarning:

The default value of `n_init` will change from 10 to 'auto' in 1.4. Set the value of `n_init` explicitly to suppress the warning


2023-08-29 22:26:59,749:WARNING:/home/henrico/Github/venv/lib/python3.10/site-packages/sklearn/cluster/_kmeans.py:870: FutureWarning:

The default value of `n_init` will change from 10 to 'auto' in 1.4. Set the value of `n_init` explicitly to suppress the warning


2023-08-29 22:27:00,355:WARNING:/home/henrico/Github/venv/lib/python3.10/site-packages/sklearn/cluster/_kmeans.py:870: FutureWarning:

The default value of `n_init` will change from 10 to 'auto' in 1.4. Set the value of `n_init` explicitly to suppress the warning


2023-08-29 22:27:00,910:WARNING:/home/henrico/Github/venv/lib/python3.10/site-packages/sklearn/cluster/_kmeans.py:870: FutureWarning:

The default value of `n_init` will change from 10 to 'auto' in 1.4. Set the value of `n_init` explicitly to suppress the warning


2023-08-29 22:27:01,527:WARNING:/home/henrico/Github/venv/lib/python3.10/site-packages/sklearn/cluster/_kmeans.py:870: FutureWarning:

The default value of `n_init` will change from 10 to 'auto' in 1.4. Set the value of `n_init` explicitly to suppress the warning


2023-08-29 22:27:02,121:WARNING:/home/henrico/Github/venv/lib/python3.10/site-packages/sklearn/cluster/_kmeans.py:870: FutureWarning:

The default value of `n_init` will change from 10 to 'auto' in 1.4. Set the value of `n_init` explicitly to suppress the warning


2023-08-29 22:27:02,678:WARNING:/home/henrico/Github/venv/lib/python3.10/site-packages/yellowbrick/utils/kneed.py:156: YellowbrickWarning:

No 'knee' or 'elbow point' detected This could be due to bad clustering, no actual clusters being formed etc.


2023-08-29 22:27:02,680:WARNING:/home/henrico/Github/venv/lib/python3.10/site-packages/yellowbrick/cluster/elbow.py:374: YellowbrickWarning:

No 'knee' or 'elbow' point detected, pass `locate_elbow=False` to remove the warning


2023-08-29 22:27:02,826:INFO:Visual Rendered Successfully
2023-08-29 22:27:02,936:INFO:plot_model() successfully completed......................................
2023-08-29 22:27:02,969:INFO:Initializing plot_model()
2023-08-29 22:27:02,969:INFO:plot_model(plot=silhouette, fold=None, verbose=True, display=None, display_format=None, estimator=KMeans(n_clusters=4, random_state=123), feature_name=None, fit_kwargs=None, groups=None, label=False, plot_kwargs=None, save=False, scale=1, self=<pycaret.clustering.oop.ClusteringExperiment object at 0x7f35a9fe2560>, system=True)
2023-08-29 22:27:02,969:INFO:Checking exceptions
2023-08-29 22:27:02,971:INFO:Preloading libraries
2023-08-29 22:27:02,972:INFO:Copying training dataset
2023-08-29 22:27:02,972:INFO:Plot type: silhouette
2023-08-29 22:27:02,986:INFO:Fitting Model
2023-08-29 22:27:02,986:WARNING:/home/henrico/Github/venv/lib/python3.10/site-packages/sklearn/base.py:439: UserWarning:

X does not have valid feature names, but KMeans was fitted with feature names


2023-08-29 22:27:03,118:INFO:Visual Rendered Successfully
2023-08-29 22:27:03,231:INFO:plot_model() successfully completed......................................
2023-08-29 22:27:03,263:INFO:Initializing plot_model()
2023-08-29 22:27:03,263:INFO:plot_model(plot=distribution, fold=None, verbose=True, display=None, display_format=None, estimator=KMeans(n_clusters=4, random_state=123), feature_name=None, fit_kwargs=None, groups=None, label=False, plot_kwargs=None, save=False, scale=1, self=<pycaret.clustering.oop.ClusteringExperiment object at 0x7f35a9fe2560>, system=True)
2023-08-29 22:27:03,264:INFO:Checking exceptions
2023-08-29 22:27:03,266:INFO:Preloading libraries
2023-08-29 22:27:03,266:INFO:Copying training dataset
2023-08-29 22:27:03,266:INFO:Plot type: distribution
2023-08-29 22:27:03,267:INFO:SubProcess assign_model() called ==================================
2023-08-29 22:27:03,267:INFO:Initializing assign_model()
2023-08-29 22:27:03,267:INFO:assign_model(self=<pycaret.clustering.oop.ClusteringExperiment object at 0x7f35a9fe2560>, model=KMeans(n_clusters=4, random_state=123), transformation=False, score=True, verbose=False)
2023-08-29 22:27:03,267:INFO:Checking exceptions
2023-08-29 22:27:03,267:INFO:Determining Trained Model
2023-08-29 22:27:03,267:INFO:Trained Model : K-Means Clustering
2023-08-29 22:27:03,267:INFO:Copying data
2023-08-29 22:27:03,268:INFO:(354, 154)
2023-08-29 22:27:03,268:INFO:assign_model() successfully completed......................................
2023-08-29 22:27:03,268:INFO:SubProcess assign_model() end ==================================
2023-08-29 22:27:03,268:INFO:Sorting dataframe
2023-08-29 22:27:03,269:INFO:Rendering Visual
2023-08-29 22:27:03,378:INFO:Visual Rendered Successfully
2023-08-29 22:27:03,494:INFO:plot_model() successfully completed......................................
2023-08-29 22:27:03,509:INFO:Initializing plot_model()
2023-08-29 22:27:03,509:INFO:plot_model(plot=cluster, fold=None, verbose=True, display=None, display_format=None, estimator=KMeans(n_clusters=4, random_state=123), feature_name=None, fit_kwargs=None, groups=None, label=False, plot_kwargs=None, save=False, scale=1, self=<pycaret.clustering.oop.ClusteringExperiment object at 0x7f35a9fe2560>, system=True)
2023-08-29 22:27:03,509:INFO:Checking exceptions
2023-08-29 22:27:03,511:INFO:Preloading libraries
2023-08-29 22:27:03,511:INFO:Copying training dataset
2023-08-29 22:27:03,511:INFO:Plot type: cluster
2023-08-29 22:27:03,512:INFO:SubProcess assign_model() called ==================================
2023-08-29 22:27:03,512:INFO:Initializing assign_model()
2023-08-29 22:27:03,512:INFO:assign_model(self=<pycaret.clustering.oop.ClusteringExperiment object at 0x7f35a9fe2560>, model=KMeans(n_clusters=4, random_state=123), transformation=True, score=True, verbose=False)
2023-08-29 22:27:03,512:INFO:Checking exceptions
2023-08-29 22:27:03,512:INFO:Determining Trained Model
2023-08-29 22:27:03,512:INFO:Trained Model : K-Means Clustering
2023-08-29 22:27:03,512:INFO:Copying data
2023-08-29 22:27:03,524:INFO:Transformation parameter set to True. Assigned clusters are attached on transformed dataset.
2023-08-29 22:27:03,524:INFO:(354, 154)
2023-08-29 22:27:03,524:INFO:assign_model() successfully completed......................................
2023-08-29 22:27:03,524:INFO:SubProcess assign_model() end ==================================
2023-08-29 22:27:03,525:INFO:Fitting PCA()
2023-08-29 22:27:03,545:INFO:Sorting dataframe
2023-08-29 22:27:03,546:INFO:Rendering Visual
2023-08-29 22:27:03,608:INFO:Visual Rendered Successfully
2023-08-29 22:27:03,728:INFO:plot_model() successfully completed......................................
2023-08-29 22:27:05,053:INFO:Initializing plot_model()
2023-08-29 22:27:05,053:INFO:plot_model(plot=tsne, fold=None, verbose=True, display=None, display_format=None, estimator=KMeans(n_clusters=4, random_state=123), feature_name=None, fit_kwargs=None, groups=None, label=False, plot_kwargs=None, save=False, scale=1, self=<pycaret.clustering.oop.ClusteringExperiment object at 0x7f35a9fe2560>, system=True)
2023-08-29 22:27:05,053:INFO:Checking exceptions
2023-08-29 22:27:05,055:INFO:Preloading libraries
2023-08-29 22:27:05,055:INFO:Copying training dataset
2023-08-29 22:27:05,055:INFO:Plot type: tsne
2023-08-29 22:27:05,056:INFO:SubProcess assign_model() called ==================================
2023-08-29 22:27:05,056:INFO:Initializing assign_model()
2023-08-29 22:27:05,056:INFO:assign_model(self=<pycaret.clustering.oop.ClusteringExperiment object at 0x7f35a9fe2560>, model=KMeans(n_clusters=4, random_state=123), transformation=True, score=False, verbose=False)
2023-08-29 22:27:05,056:INFO:Checking exceptions
2023-08-29 22:27:05,056:INFO:Determining Trained Model
2023-08-29 22:27:05,056:INFO:Trained Model : K-Means Clustering
2023-08-29 22:27:05,056:INFO:Copying data
2023-08-29 22:27:05,069:INFO:Transformation parameter set to True. Assigned clusters are attached on transformed dataset.
2023-08-29 22:27:05,069:INFO:(354, 154)
2023-08-29 22:27:05,069:INFO:assign_model() successfully completed......................................
2023-08-29 22:27:05,069:INFO:SubProcess assign_model() end ==================================
2023-08-29 22:27:05,070:INFO:Fitting TSNE()
2023-08-29 22:27:07,134:INFO:Sorting dataframe
2023-08-29 22:27:07,135:INFO:Rendering Visual
2023-08-29 22:27:07,179:INFO:Visual Rendered Successfully
2023-08-29 22:27:07,289:INFO:plot_model() successfully completed......................................
2023-08-29 22:27:07,303:INFO:Initializing evaluate_model()
2023-08-29 22:27:07,303:INFO:evaluate_model(self=<pycaret.clustering.oop.ClusteringExperiment object at 0x7f35a9fe2560>, estimator=KMeans(n_clusters=4, random_state=123), fold=None, fit_kwargs=None, plot_kwargs=None, feature_name=None, groups=None)
2023-08-29 22:27:07,312:INFO:Initializing plot_model()
2023-08-29 22:27:07,312:INFO:plot_model(plot=pipeline, fold=None, verbose=False, display=None, display_format=None, estimator=KMeans(n_clusters=4, random_state=123), feature_name=None, fit_kwargs={}, groups=None, label=False, plot_kwargs=None, save=False, scale=1, self=<pycaret.clustering.oop.ClusteringExperiment object at 0x7f35a9fe2560>, system=True)
2023-08-29 22:27:07,312:INFO:Checking exceptions
2023-08-29 22:27:07,313:INFO:Preloading libraries
2023-08-29 22:27:07,313:INFO:Copying training dataset
2023-08-29 22:27:07,313:INFO:Plot type: pipeline
2023-08-29 22:27:07,393:INFO:Visual Rendered Successfully
2023-08-29 22:27:07,508:INFO:plot_model() successfully completed......................................
2023-08-29 22:27:12,208:WARNING:/home/henrico/Github/venv/lib/python3.10/site-packages/seaborn/categorical.py:3201: UserWarning:

Setting `sharex=False` with `color=None` may cause different levels of the `x` variable to share colors. This will change in a future version.


2023-08-29 22:27:12,522:WARNING:/home/henrico/Github/venv/lib/python3.10/site-packages/seaborn/axisgrid.py:118: UserWarning:

The figure layout has changed to tight


2023-08-29 22:29:06,340:INFO:Initializing plot_model()
2023-08-29 22:29:06,341:INFO:plot_model(plot=calinski, fold=None, verbose=True, display=None, display_format=None, estimator=KMeans(n_clusters=4, random_state=123), feature_name=None, fit_kwargs=None, groups=None, label=False, plot_kwargs=None, save=False, scale=1, self=<pycaret.clustering.oop.ClusteringExperiment object at 0x7f35a9fe2560>, system=True)
2023-08-29 22:29:06,341:INFO:Checking exceptions
2023-08-29 22:30:26,759:INFO:Initializing plot_model()
2023-08-29 22:30:26,759:INFO:plot_model(plot=elbow, fold=None, verbose=False, display=None, display_format=None, estimator=KMeans(n_clusters=4, random_state=123), feature_name=None, fit_kwargs={}, groups=None, label=False, plot_kwargs=None, save=False, scale=1, self=<pycaret.clustering.oop.ClusteringExperiment object at 0x7f35a9fe2560>, system=True)
2023-08-29 22:30:26,759:INFO:Checking exceptions
2023-08-29 22:30:26,760:INFO:Preloading libraries
2023-08-29 22:30:26,761:INFO:Copying training dataset
2023-08-29 22:30:26,761:INFO:Plot type: elbow
2023-08-29 22:30:26,786:INFO:Fitting Model
2023-08-29 22:30:26,789:WARNING:/home/henrico/Github/venv/lib/python3.10/site-packages/sklearn/cluster/_kmeans.py:870: FutureWarning:

The default value of `n_init` will change from 10 to 'auto' in 1.4. Set the value of `n_init` explicitly to suppress the warning


2023-08-29 22:30:27,376:WARNING:/home/henrico/Github/venv/lib/python3.10/site-packages/sklearn/cluster/_kmeans.py:870: FutureWarning:

The default value of `n_init` will change from 10 to 'auto' in 1.4. Set the value of `n_init` explicitly to suppress the warning


2023-08-29 22:30:27,984:WARNING:/home/henrico/Github/venv/lib/python3.10/site-packages/sklearn/cluster/_kmeans.py:870: FutureWarning:

The default value of `n_init` will change from 10 to 'auto' in 1.4. Set the value of `n_init` explicitly to suppress the warning


2023-08-29 22:30:28,595:WARNING:/home/henrico/Github/venv/lib/python3.10/site-packages/sklearn/cluster/_kmeans.py:870: FutureWarning:

The default value of `n_init` will change from 10 to 'auto' in 1.4. Set the value of `n_init` explicitly to suppress the warning


2023-08-29 22:30:29,234:WARNING:/home/henrico/Github/venv/lib/python3.10/site-packages/sklearn/cluster/_kmeans.py:870: FutureWarning:

The default value of `n_init` will change from 10 to 'auto' in 1.4. Set the value of `n_init` explicitly to suppress the warning


2023-08-29 22:30:29,773:WARNING:/home/henrico/Github/venv/lib/python3.10/site-packages/sklearn/cluster/_kmeans.py:870: FutureWarning:

The default value of `n_init` will change from 10 to 'auto' in 1.4. Set the value of `n_init` explicitly to suppress the warning


2023-08-29 22:30:30,277:WARNING:/home/henrico/Github/venv/lib/python3.10/site-packages/sklearn/cluster/_kmeans.py:870: FutureWarning:

The default value of `n_init` will change from 10 to 'auto' in 1.4. Set the value of `n_init` explicitly to suppress the warning


2023-08-29 22:30:30,733:WARNING:/home/henrico/Github/venv/lib/python3.10/site-packages/sklearn/cluster/_kmeans.py:870: FutureWarning:

The default value of `n_init` will change from 10 to 'auto' in 1.4. Set the value of `n_init` explicitly to suppress the warning


2023-08-29 22:30:31,350:WARNING:/home/henrico/Github/venv/lib/python3.10/site-packages/sklearn/cluster/_kmeans.py:870: FutureWarning:

The default value of `n_init` will change from 10 to 'auto' in 1.4. Set the value of `n_init` explicitly to suppress the warning


2023-08-29 22:30:31,922:WARNING:/home/henrico/Github/venv/lib/python3.10/site-packages/yellowbrick/utils/kneed.py:156: YellowbrickWarning:

No 'knee' or 'elbow point' detected This could be due to bad clustering, no actual clusters being formed etc.


2023-08-29 22:30:31,922:WARNING:/home/henrico/Github/venv/lib/python3.10/site-packages/yellowbrick/cluster/elbow.py:374: YellowbrickWarning:

No 'knee' or 'elbow' point detected, pass `locate_elbow=False` to remove the warning


2023-08-29 22:30:32,066:INFO:Visual Rendered Successfully
2023-08-29 22:30:32,198:INFO:plot_model() successfully completed......................................
2023-08-29 22:30:32,215:INFO:Initializing plot_model()
2023-08-29 22:30:32,215:INFO:plot_model(plot=pipeline, fold=None, verbose=False, display=None, display_format=None, estimator=KMeans(n_clusters=4, random_state=123), feature_name=None, fit_kwargs={}, groups=None, label=False, plot_kwargs=None, save=False, scale=1, self=<pycaret.clustering.oop.ClusteringExperiment object at 0x7f35a9fe2560>, system=True)
2023-08-29 22:30:32,215:INFO:Checking exceptions
2023-08-29 22:30:32,216:INFO:Preloading libraries
2023-08-29 22:30:32,216:INFO:Copying training dataset
2023-08-29 22:30:32,216:INFO:Plot type: pipeline
2023-08-29 22:30:32,280:INFO:Visual Rendered Successfully
2023-08-29 22:30:32,416:INFO:plot_model() successfully completed......................................
2023-08-29 22:34:32,663:INFO:PyCaret ClusteringExperiment
2023-08-29 22:34:32,663:INFO:Logging name: cluster-default-name
2023-08-29 22:34:32,663:INFO:ML Usecase: MLUsecase.CLUSTERING
2023-08-29 22:34:32,663:INFO:version 3.0.4
2023-08-29 22:34:32,663:INFO:Initializing setup()
2023-08-29 22:34:32,663:INFO:self.USI: ca8b
2023-08-29 22:34:32,663:INFO:self._variable_keys: {'idx', 'exp_name_log', 'X', '_ml_usecase', '_available_plots', 'n_jobs_param', 'pipeline', 'seed', 'USI', 'exp_id', 'memory', 'html_param', 'data', 'gpu_param', 'logging_param', 'log_plots_param', 'gpu_n_jobs_param'}
2023-08-29 22:34:32,663:INFO:Checking environment
2023-08-29 22:34:32,663:INFO:python_version: 3.10.12
2023-08-29 22:34:32,663:INFO:python_build: ('main', 'Jun 11 2023 05:26:28')
2023-08-29 22:34:32,663:INFO:machine: x86_64
2023-08-29 22:34:32,663:INFO:platform: Linux-6.2.0-26-generic-x86_64-with-glibc2.35
2023-08-29 22:34:32,663:INFO:Memory: svmem(total=67341221888, available=57613389824, percent=14.4, used=8821329920, free=48744222720, active=2552291328, inactive=14407065600, buffers=464928768, cached=9310740480, shared=165392384, slab=1038929920)
2023-08-29 22:34:32,664:INFO:Physical Core: 6
2023-08-29 22:34:32,664:INFO:Logical Core: 12
2023-08-29 22:34:32,664:INFO:Checking libraries
2023-08-29 22:34:32,664:INFO:System:
2023-08-29 22:34:32,664:INFO:    python: 3.10.12 (main, Jun 11 2023, 05:26:28) [GCC 11.4.0]
2023-08-29 22:34:32,664:INFO:executable: /home/henrico/Github/venv/bin/python
2023-08-29 22:34:32,664:INFO:   machine: Linux-6.2.0-26-generic-x86_64-with-glibc2.35
2023-08-29 22:34:32,664:INFO:PyCaret required dependencies:
2023-08-29 22:34:32,664:INFO:                 pip: 22.0.2
2023-08-29 22:34:32,664:INFO:          setuptools: 59.6.0
2023-08-29 22:34:32,664:INFO:             pycaret: 3.0.4
2023-08-29 22:34:32,664:INFO:             IPython: 8.14.0
2023-08-29 22:34:32,664:INFO:          ipywidgets: 7.8.0
2023-08-29 22:34:32,664:INFO:                tqdm: 4.65.1
2023-08-29 22:34:32,665:INFO:               numpy: 1.23.5
2023-08-29 22:34:32,665:INFO:              pandas: 1.5.3
2023-08-29 22:34:32,665:INFO:              jinja2: 3.1.2
2023-08-29 22:34:32,665:INFO:               scipy: 1.11.1
2023-08-29 22:34:32,665:INFO:              joblib: 1.3.1
2023-08-29 22:34:32,665:INFO:             sklearn: 1.2.2
2023-08-29 22:34:32,665:INFO:                pyod: 1.1.0
2023-08-29 22:34:32,665:INFO:            imblearn: 0.11.0
2023-08-29 22:34:32,665:INFO:   category_encoders: 2.6.2
2023-08-29 22:34:32,665:INFO:            lightgbm: 4.0.0
2023-08-29 22:34:32,665:INFO:               numba: 0.57.1
2023-08-29 22:34:32,665:INFO:            requests: 2.31.0
2023-08-29 22:34:32,665:INFO:          matplotlib: 3.7.2
2023-08-29 22:34:32,665:INFO:          scikitplot: 0.3.7
2023-08-29 22:34:32,665:INFO:         yellowbrick: 1.5
2023-08-29 22:34:32,665:INFO:              plotly: 5.16.1
2023-08-29 22:34:32,665:INFO:    plotly-resampler: Not installed
2023-08-29 22:34:32,665:INFO:             kaleido: 0.2.1
2023-08-29 22:34:32,665:INFO:           schemdraw: 0.15
2023-08-29 22:34:32,665:INFO:         statsmodels: 0.14.0
2023-08-29 22:34:32,665:INFO:              sktime: 0.22.0
2023-08-29 22:34:32,665:INFO:               tbats: 1.1.3
2023-08-29 22:34:32,665:INFO:            pmdarima: 2.0.3
2023-08-29 22:34:32,665:INFO:              psutil: 5.9.5
2023-08-29 22:34:32,666:INFO:          markupsafe: 2.1.3
2023-08-29 22:34:32,666:INFO:             pickle5: Not installed
2023-08-29 22:34:32,666:INFO:         cloudpickle: 2.2.1
2023-08-29 22:34:32,666:INFO:         deprecation: 2.1.0
2023-08-29 22:34:32,666:INFO:              xxhash: 3.3.0
2023-08-29 22:34:32,666:INFO:           wurlitzer: 3.0.3
2023-08-29 22:34:32,666:INFO:PyCaret optional dependencies:
2023-08-29 22:34:32,666:INFO:                shap: Not installed
2023-08-29 22:34:32,666:INFO:           interpret: Not installed
2023-08-29 22:34:32,666:INFO:                umap: Not installed
2023-08-29 22:34:32,666:INFO:    pandas_profiling: Not installed
2023-08-29 22:34:32,666:INFO:  explainerdashboard: Not installed
2023-08-29 22:34:32,666:INFO:             autoviz: Not installed
2023-08-29 22:34:32,666:INFO:           fairlearn: Not installed
2023-08-29 22:34:32,666:INFO:          deepchecks: Not installed
2023-08-29 22:34:32,666:INFO:             xgboost: Not installed
2023-08-29 22:34:32,666:INFO:            catboost: Not installed
2023-08-29 22:34:32,666:INFO:              kmodes: Not installed
2023-08-29 22:34:32,666:INFO:             mlxtend: Not installed
2023-08-29 22:34:32,666:INFO:       statsforecast: Not installed
2023-08-29 22:34:32,666:INFO:        tune_sklearn: Not installed
2023-08-29 22:34:32,666:INFO:                 ray: Not installed
2023-08-29 22:34:32,666:INFO:            hyperopt: Not installed
2023-08-29 22:34:32,666:INFO:              optuna: Not installed
2023-08-29 22:34:32,666:INFO:               skopt: Not installed
2023-08-29 22:34:32,666:INFO:              mlflow: Not installed
2023-08-29 22:34:32,666:INFO:              gradio: 3.32.0
2023-08-29 22:34:32,666:INFO:             fastapi: 0.94.0
2023-08-29 22:34:32,666:INFO:             uvicorn: 0.23.2
2023-08-29 22:34:32,666:INFO:              m2cgen: Not installed
2023-08-29 22:34:32,667:INFO:           evidently: Not installed
2023-08-29 22:34:32,667:INFO:               fugue: Not installed
2023-08-29 22:34:32,667:INFO:           streamlit: 1.25.0
2023-08-29 22:34:32,667:INFO:             prophet: Not installed
2023-08-29 22:34:32,667:INFO:None
2023-08-29 22:34:32,667:INFO:Set up data.
2023-08-29 22:34:32,726:INFO:Set up index.
2023-08-29 22:34:32,726:INFO:Assigning column types.
2023-08-29 22:34:32,729:INFO:Engine successfully changes for model 'kmeans' to 'sklearn'.
2023-08-29 22:34:32,730:INFO:Engine for model 'dbscan' has not been set explicitly, hence returning None.
2023-08-29 22:34:32,730:WARNING:
'kmodes' is a soft dependency and not included in the pycaret installation. Please run: `pip install kmodes` to install.
Alternately, you can install this by running `pip install pycaret[models]`
2023-08-29 22:34:32,730:INFO:Engine for model 'dbscan' has not been set explicitly, hence returning None.
2023-08-29 22:34:32,730:WARNING:
'kmodes' is a soft dependency and not included in the pycaret installation. Please run: `pip install kmodes` to install.
Alternately, you can install this by running `pip install pycaret[models]`
2023-08-29 22:34:32,730:INFO:Engine successfully changes for model 'dbscan' to 'sklearn'.
2023-08-29 22:34:32,730:WARNING:
'kmodes' is a soft dependency and not included in the pycaret installation. Please run: `pip install kmodes` to install.
Alternately, you can install this by running `pip install pycaret[models]`
2023-08-29 22:34:32,730:WARNING:
'kmodes' is a soft dependency and not included in the pycaret installation. Please run: `pip install kmodes` to install.
Alternately, you can install this by running `pip install pycaret[models]`
2023-08-29 22:34:32,731:INFO:Preparing preprocessing pipeline...
2023-08-29 22:34:32,731:INFO:Set up simple imputation.
2023-08-29 22:34:32,734:INFO:Set up encoding of categorical features.
2023-08-29 22:34:33,036:INFO:Finished creating preprocessing pipeline.
2023-08-29 22:34:33,042:INFO:Pipeline: Pipeline(memory=FastMemory(location=/tmp/joblib),
         steps=[('numerical_imputer',
                 TransformerWrapper(include=['year', 'rating', 'word_count',
                                             '0', '1', '2', '3', '4', '5', '6',
                                             '7', '8', '9', '10', '11', '12',
                                             '13', '14', '15', '16', '17', '18',
                                             '19', '20', '21', '22', '23', '24',
                                             '25', '26', ...],
                                    transformer=SimpleImputer())),
                ('categorical_imputer',
                 TransformerWrapper(include=['titl...re',
                                             'sinopse',
                                             'sinopse_no_stopwords'],
                                    transformer=SimpleImputer(strategy='most_frequent'))),
                ('onehot_encoding',
                 TransformerWrapper(include=['title_pt', 'title_en', 'genre',
                                             'sinopse',
                                             'sinopse_no_stopwords'],
                                    transformer=OneHotEncoder(cols=['title_pt',
                                                                    'title_en',
                                                                    'genre',
                                                                    'sinopse',
                                                                    'sinopse_no_stopwords'],
                                                              handle_missing='return_nan',
                                                              use_cat_names=True)))])
2023-08-29 22:34:33,042:INFO:Creating final display dataframe.
2023-08-29 22:34:33,229:INFO:Setup _display_container:                  Description                 Value
0                 Session id                   123
1        Original data shape            (356, 161)
2     Transformed data shape           (356, 1566)
3           Numeric features                   156
4       Categorical features                     5
5   Rows with missing values                  1.1%
6                 Preprocess                  True
7            Imputation type                simple
8         Numeric imputation                  mean
9     Categorical imputation                  mode
10  Maximum one-hot encoding                    -1
11           Encoding method                  None
12                  CPU Jobs                    -1
13                   Use GPU                 False
14            Log Experiment                 False
15           Experiment Name  cluster-default-name
16                       USI                  ca8b
2023-08-29 22:34:33,233:WARNING:
'kmodes' is a soft dependency and not included in the pycaret installation. Please run: `pip install kmodes` to install.
Alternately, you can install this by running `pip install pycaret[models]`
2023-08-29 22:34:33,234:WARNING:
'kmodes' is a soft dependency and not included in the pycaret installation. Please run: `pip install kmodes` to install.
Alternately, you can install this by running `pip install pycaret[models]`
2023-08-29 22:34:33,234:INFO:setup() successfully completed in 0.57s...............
2023-08-29 22:34:35,926:INFO:Initializing create_model()
2023-08-29 22:34:35,926:INFO:create_model(self=<pycaret.clustering.oop.ClusteringExperiment object at 0x7f3618811ed0>, estimator=kmeans, num_clusters=4, fraction=0.05, ground_truth=None, round=4, fit_kwargs=None, experiment_custom_tags=None, verbose=True, system=True, add_to_model_list=True, raise_num_clusters=False, display=None, kwargs={})
2023-08-29 22:34:35,926:INFO:Checking exceptions
2023-08-29 22:34:35,976:INFO:Importing untrained model
2023-08-29 22:34:35,979:INFO:K-Means Clustering Imported successfully
2023-08-29 22:34:35,984:INFO:Fitting Model
2023-08-29 22:34:36,162:WARNING:/home/henrico/Github/venv/lib/python3.10/site-packages/sklearn/cluster/_kmeans.py:870: FutureWarning:

The default value of `n_init` will change from 10 to 'auto' in 1.4. Set the value of `n_init` explicitly to suppress the warning


2023-08-29 22:34:36,936:INFO:KMeans(n_clusters=4, random_state=123)
2023-08-29 22:34:36,937:INFO:create_models() successfully completed......................................
2023-08-29 22:34:36,940:INFO:Uploading results into container
2023-08-29 22:34:36,942:INFO:Uploading model into container now
2023-08-29 22:34:36,946:INFO:_master_model_container: 1
2023-08-29 22:34:36,946:INFO:_display_container: 2
2023-08-29 22:34:36,947:INFO:KMeans(n_clusters=4, random_state=123)
2023-08-29 22:34:36,947:INFO:create_model() successfully completed......................................
2023-08-29 22:34:43,169:INFO:Initializing evaluate_model()
2023-08-29 22:34:43,169:INFO:evaluate_model(self=<pycaret.clustering.oop.ClusteringExperiment object at 0x7f3618811ed0>, estimator=KMeans(n_clusters=4, random_state=123), fold=None, fit_kwargs=None, plot_kwargs=None, feature_name=None, groups=None)
2023-08-29 22:34:43,177:INFO:Initializing plot_model()
2023-08-29 22:34:43,177:INFO:plot_model(plot=pipeline, fold=None, verbose=False, display=None, display_format=None, estimator=KMeans(n_clusters=4, random_state=123), feature_name=None, fit_kwargs={}, groups=None, label=False, plot_kwargs=None, save=False, scale=1, self=<pycaret.clustering.oop.ClusteringExperiment object at 0x7f3618811ed0>, system=True)
2023-08-29 22:34:43,177:INFO:Checking exceptions
2023-08-29 22:34:43,178:INFO:Preloading libraries
2023-08-29 22:34:43,178:INFO:Copying training dataset
2023-08-29 22:34:43,178:INFO:Plot type: pipeline
2023-08-29 22:34:43,254:INFO:Visual Rendered Successfully
2023-08-29 22:34:43,388:INFO:plot_model() successfully completed......................................
2023-08-29 22:34:48,526:INFO:Initializing plot_model()
2023-08-29 22:34:48,526:INFO:plot_model(plot=elbow, fold=None, verbose=False, display=None, display_format=None, estimator=KMeans(n_clusters=4, random_state=123), feature_name=None, fit_kwargs={}, groups=None, label=False, plot_kwargs=None, save=False, scale=1, self=<pycaret.clustering.oop.ClusteringExperiment object at 0x7f3618811ed0>, system=True)
2023-08-29 22:34:48,527:INFO:Checking exceptions
2023-08-29 22:34:48,527:INFO:Preloading libraries
2023-08-29 22:34:48,528:INFO:Copying training dataset
2023-08-29 22:34:48,528:INFO:Plot type: elbow
2023-08-29 22:34:48,584:INFO:Fitting Model
2023-08-29 22:34:48,595:WARNING:/home/henrico/Github/venv/lib/python3.10/site-packages/sklearn/cluster/_kmeans.py:870: FutureWarning:

The default value of `n_init` will change from 10 to 'auto' in 1.4. Set the value of `n_init` explicitly to suppress the warning


2023-08-29 22:34:49,223:WARNING:/home/henrico/Github/venv/lib/python3.10/site-packages/sklearn/cluster/_kmeans.py:870: FutureWarning:

The default value of `n_init` will change from 10 to 'auto' in 1.4. Set the value of `n_init` explicitly to suppress the warning


2023-08-29 22:34:49,886:WARNING:/home/henrico/Github/venv/lib/python3.10/site-packages/sklearn/cluster/_kmeans.py:870: FutureWarning:

The default value of `n_init` will change from 10 to 'auto' in 1.4. Set the value of `n_init` explicitly to suppress the warning


2023-08-29 22:34:50,526:WARNING:/home/henrico/Github/venv/lib/python3.10/site-packages/sklearn/cluster/_kmeans.py:870: FutureWarning:

The default value of `n_init` will change from 10 to 'auto' in 1.4. Set the value of `n_init` explicitly to suppress the warning


2023-08-29 22:34:51,223:WARNING:/home/henrico/Github/venv/lib/python3.10/site-packages/sklearn/cluster/_kmeans.py:870: FutureWarning:

The default value of `n_init` will change from 10 to 'auto' in 1.4. Set the value of `n_init` explicitly to suppress the warning


2023-08-29 22:34:51,950:WARNING:/home/henrico/Github/venv/lib/python3.10/site-packages/sklearn/cluster/_kmeans.py:870: FutureWarning:

The default value of `n_init` will change from 10 to 'auto' in 1.4. Set the value of `n_init` explicitly to suppress the warning


2023-08-29 22:34:52,744:WARNING:/home/henrico/Github/venv/lib/python3.10/site-packages/sklearn/cluster/_kmeans.py:870: FutureWarning:

The default value of `n_init` will change from 10 to 'auto' in 1.4. Set the value of `n_init` explicitly to suppress the warning


2023-08-29 22:34:53,599:WARNING:/home/henrico/Github/venv/lib/python3.10/site-packages/sklearn/cluster/_kmeans.py:870: FutureWarning:

The default value of `n_init` will change from 10 to 'auto' in 1.4. Set the value of `n_init` explicitly to suppress the warning


2023-08-29 22:34:54,344:WARNING:/home/henrico/Github/venv/lib/python3.10/site-packages/sklearn/cluster/_kmeans.py:870: FutureWarning:

The default value of `n_init` will change from 10 to 'auto' in 1.4. Set the value of `n_init` explicitly to suppress the warning


2023-08-29 22:34:55,317:INFO:Visual Rendered Successfully
2023-08-29 22:34:55,452:INFO:plot_model() successfully completed......................................
2023-08-29 22:36:48,260:INFO:Initializing plot_model()
2023-08-29 22:36:48,260:INFO:plot_model(plot=pipeline, fold=None, verbose=False, display=None, display_format=None, estimator=KMeans(n_clusters=4, random_state=123), feature_name=None, fit_kwargs={}, groups=None, label=False, plot_kwargs=None, save=False, scale=1, self=<pycaret.clustering.oop.ClusteringExperiment object at 0x7f3618811ed0>, system=True)
2023-08-29 22:36:48,260:INFO:Checking exceptions
2023-08-29 22:36:48,261:INFO:Preloading libraries
2023-08-29 22:36:48,261:INFO:Copying training dataset
2023-08-29 22:36:48,261:INFO:Plot type: pipeline
2023-08-29 22:36:48,337:INFO:Visual Rendered Successfully
2023-08-29 22:36:48,477:INFO:plot_model() successfully completed......................................
2023-08-29 22:37:19,907:INFO:Initializing plot_model()
2023-08-29 22:37:19,907:INFO:plot_model(plot=cluster, fold=None, verbose=True, display=None, display_format=None, estimator=KMeans(n_clusters=4, random_state=123), feature_name=None, fit_kwargs=None, groups=None, label=False, plot_kwargs=None, save=False, scale=1, self=<pycaret.clustering.oop.ClusteringExperiment object at 0x7f3618811ed0>, system=True)
2023-08-29 22:37:19,908:INFO:Checking exceptions
2023-08-29 22:37:19,910:INFO:Preloading libraries
2023-08-29 22:37:19,910:INFO:Copying training dataset
2023-08-29 22:37:19,910:INFO:Plot type: cluster
2023-08-29 22:37:19,911:INFO:SubProcess assign_model() called ==================================
2023-08-29 22:37:19,911:INFO:Initializing assign_model()
2023-08-29 22:37:19,912:INFO:assign_model(self=<pycaret.clustering.oop.ClusteringExperiment object at 0x7f3618811ed0>, model=KMeans(n_clusters=4, random_state=123), transformation=True, score=True, verbose=False)
2023-08-29 22:37:19,912:INFO:Checking exceptions
2023-08-29 22:37:19,912:INFO:Determining Trained Model
2023-08-29 22:37:19,912:INFO:Trained Model : K-Means Clustering
2023-08-29 22:37:19,912:INFO:Copying data
2023-08-29 22:37:19,969:INFO:Transformation parameter set to True. Assigned clusters are attached on transformed dataset.
2023-08-29 22:37:19,970:INFO:(356, 1567)
2023-08-29 22:37:19,970:INFO:assign_model() successfully completed......................................
2023-08-29 22:37:19,971:INFO:SubProcess assign_model() end ==================================
2023-08-29 22:37:19,974:INFO:Fitting PCA()
2023-08-29 22:37:20,054:INFO:Sorting dataframe
2023-08-29 22:37:20,055:INFO:Rendering Visual
2023-08-29 22:37:20,136:INFO:Visual Rendered Successfully
2023-08-29 22:37:20,272:INFO:plot_model() successfully completed......................................
2023-08-29 22:38:57,869:INFO:Initializing plot_model()
2023-08-29 22:38:57,869:INFO:plot_model(plot=tsne, fold=None, verbose=True, display=None, display_format=None, estimator=KMeans(n_clusters=4, random_state=123), feature_name=None, fit_kwargs=None, groups=None, label=False, plot_kwargs=None, save=False, scale=1, self=<pycaret.clustering.oop.ClusteringExperiment object at 0x7f3618811ed0>, system=True)
2023-08-29 22:38:57,869:INFO:Checking exceptions
2023-08-29 22:38:57,872:INFO:Preloading libraries
2023-08-29 22:38:57,873:INFO:Copying training dataset
2023-08-29 22:38:57,873:INFO:Plot type: tsne
2023-08-29 22:38:57,874:INFO:SubProcess assign_model() called ==================================
2023-08-29 22:38:57,874:INFO:Initializing assign_model()
2023-08-29 22:38:57,874:INFO:assign_model(self=<pycaret.clustering.oop.ClusteringExperiment object at 0x7f3618811ed0>, model=KMeans(n_clusters=4, random_state=123), transformation=True, score=False, verbose=False)
2023-08-29 22:38:57,874:INFO:Checking exceptions
2023-08-29 22:38:57,874:INFO:Determining Trained Model
2023-08-29 22:38:57,874:INFO:Trained Model : K-Means Clustering
2023-08-29 22:38:57,874:INFO:Copying data
2023-08-29 22:38:57,908:INFO:Transformation parameter set to True. Assigned clusters are attached on transformed dataset.
2023-08-29 22:38:57,910:INFO:(356, 1567)
2023-08-29 22:38:57,910:INFO:assign_model() successfully completed......................................
2023-08-29 22:38:57,910:INFO:SubProcess assign_model() end ==================================
2023-08-29 22:38:57,912:INFO:Fitting TSNE()
2023-08-29 22:39:00,844:INFO:Sorting dataframe
2023-08-29 22:39:00,845:INFO:Rendering Visual
2023-08-29 22:39:00,881:INFO:Visual Rendered Successfully
2023-08-29 22:39:01,019:INFO:plot_model() successfully completed......................................
2023-08-29 22:40:48,114:INFO:Initializing plot_model()
2023-08-29 22:40:48,114:INFO:plot_model(plot=silhouette, fold=None, verbose=True, display=None, display_format=None, estimator=KMeans(n_clusters=4, random_state=123), feature_name=None, fit_kwargs=None, groups=None, label=False, plot_kwargs=None, save=False, scale=1, self=<pycaret.clustering.oop.ClusteringExperiment object at 0x7f3618811ed0>, system=True)
2023-08-29 22:40:48,114:INFO:Checking exceptions
2023-08-29 22:40:48,116:INFO:Preloading libraries
2023-08-29 22:40:48,117:INFO:Copying training dataset
2023-08-29 22:40:48,117:INFO:Plot type: silhouette
2023-08-29 22:40:48,149:INFO:Fitting Model
2023-08-29 22:40:48,150:WARNING:/home/henrico/Github/venv/lib/python3.10/site-packages/sklearn/base.py:439: UserWarning:

X does not have valid feature names, but KMeans was fitted with feature names


2023-08-29 22:40:48,327:INFO:Visual Rendered Successfully
2023-08-29 22:40:48,458:INFO:plot_model() successfully completed......................................
2023-08-29 22:41:00,303:INFO:Initializing plot_model()
2023-08-29 22:41:00,304:INFO:plot_model(plot=distance, fold=None, verbose=True, display=None, display_format=None, estimator=KMeans(n_clusters=4, random_state=123), feature_name=None, fit_kwargs=None, groups=None, label=False, plot_kwargs=None, save=False, scale=1, self=<pycaret.clustering.oop.ClusteringExperiment object at 0x7f3618811ed0>, system=True)
2023-08-29 22:41:00,304:INFO:Checking exceptions
2023-08-29 22:41:00,306:INFO:Preloading libraries
2023-08-29 22:41:00,307:INFO:Copying training dataset
2023-08-29 22:41:00,307:INFO:Plot type: distance
2023-08-29 22:41:00,358:INFO:Fitting Model
2023-08-29 22:41:00,358:WARNING:/home/henrico/Github/venv/lib/python3.10/site-packages/sklearn/base.py:439: UserWarning:

X does not have valid feature names, but KMeans was fitted with feature names


2023-08-29 22:41:00,359:WARNING:/home/henrico/Github/venv/lib/python3.10/site-packages/sklearn/manifold/_mds.py:299: FutureWarning:

The default value of `normalized_stress` will change to `'auto'` in version 1.4. To suppress this warning, manually set the value of `normalized_stress`.


2023-08-29 22:41:00,729:INFO:Visual Rendered Successfully
2023-08-29 22:41:00,887:INFO:plot_model() successfully completed......................................
2023-08-29 22:41:11,282:INFO:Initializing plot_model()
2023-08-29 22:41:11,282:INFO:plot_model(plot=distribuition, fold=None, verbose=True, display=None, display_format=None, estimator=KMeans(n_clusters=4, random_state=123), feature_name=None, fit_kwargs=None, groups=None, label=False, plot_kwargs=None, save=False, scale=1, self=<pycaret.clustering.oop.ClusteringExperiment object at 0x7f3618811ed0>, system=True)
2023-08-29 22:41:11,283:INFO:Checking exceptions
2023-08-29 22:41:18,504:INFO:Initializing plot_model()
2023-08-29 22:41:18,505:INFO:plot_model(plot=distribution, fold=None, verbose=True, display=None, display_format=None, estimator=KMeans(n_clusters=4, random_state=123), feature_name=None, fit_kwargs=None, groups=None, label=False, plot_kwargs=None, save=False, scale=1, self=<pycaret.clustering.oop.ClusteringExperiment object at 0x7f3618811ed0>, system=True)
2023-08-29 22:41:18,505:INFO:Checking exceptions
2023-08-29 22:41:18,507:INFO:Preloading libraries
2023-08-29 22:41:18,507:INFO:Copying training dataset
2023-08-29 22:41:18,508:INFO:Plot type: distribution
2023-08-29 22:41:18,508:INFO:SubProcess assign_model() called ==================================
2023-08-29 22:41:18,508:INFO:Initializing assign_model()
2023-08-29 22:41:18,508:INFO:assign_model(self=<pycaret.clustering.oop.ClusteringExperiment object at 0x7f3618811ed0>, model=KMeans(n_clusters=4, random_state=123), transformation=False, score=True, verbose=False)
2023-08-29 22:41:18,508:INFO:Checking exceptions
2023-08-29 22:41:18,508:INFO:Determining Trained Model
2023-08-29 22:41:18,508:INFO:Trained Model : K-Means Clustering
2023-08-29 22:41:18,508:INFO:Copying data
2023-08-29 22:41:18,509:INFO:(356, 162)
2023-08-29 22:41:18,509:INFO:assign_model() successfully completed......................................
2023-08-29 22:41:18,509:INFO:SubProcess assign_model() end ==================================
2023-08-29 22:41:18,509:INFO:Sorting dataframe
2023-08-29 22:41:18,511:INFO:Rendering Visual
2023-08-29 22:41:18,653:INFO:Visual Rendered Successfully
2023-08-29 22:41:18,815:INFO:plot_model() successfully completed......................................
2023-08-29 22:50:31,507:INFO:Initializing assign_model()
2023-08-29 22:50:31,507:INFO:assign_model(self=<pycaret.clustering.oop.ClusteringExperiment object at 0x7f3618811ed0>, model=KMeans(n_clusters=4, random_state=123), transformation=False, score=True, verbose=True)
2023-08-29 22:50:31,507:INFO:Checking exceptions
2023-08-29 22:50:31,507:INFO:Determining Trained Model
2023-08-29 22:50:31,508:INFO:Trained Model : K-Means Clustering
2023-08-29 22:50:31,508:INFO:Copying data
2023-08-29 22:50:31,510:INFO:(356, 162)
2023-08-29 22:50:31,510:INFO:assign_model() successfully completed......................................
