2023-03-10 01:13:55,670:INFO:Initializing load_model()
2023-03-10 01:13:55,671:INFO:load_model(model_name=pickle_lgbm_pycaret.pkl, platform=None, authentication=None, verbose=True)
2023-03-10 01:14:32,190:INFO:Initializing load_model()
2023-03-10 01:14:32,190:INFO:load_model(model_name=pickle_lgbm_pycaret, platform=None, authentication=None, verbose=True)
2023-03-10 01:14:49,781:INFO:Initializing load_model()
2023-03-10 01:14:49,781:INFO:load_model(model_name=pickle_lgbm_pycaret, platform=None, authentication=None, verbose=True)
2023-03-10 01:14:49,845:INFO:Initializing predict_model()
2023-03-10 01:14:49,848:INFO:predict_model(estimator=Pipeline(steps=[('dtypes',
                 DataTypes_Auto_infer(categorical_features=['Education',
                                                            'Marital_Status'],
                                      ml_usecase='classification',
                                      numerical_features=['Kidhome', 'Teenhome',
                                                          'NumCatalogPurchases',
                                                          'NumDealsPurchases',
                                                          'NumStorePurchases',
                                                          'NumWebPurchases',
                                                          'NumWebVisitsMonth'],
                                      target='Response')),
                ('imputer',
                 Simple_Imputer(categorical_strategy='not_available...
                ('fix_perfect', Remove_100(target='Response')),
                ('clean_names', Clean_Colum_Names()),
                ('feature_select', 'passthrough'), ('fix_multi', 'passthrough'),
                ('dfs', 'passthrough'), ('pca', 'passthrough'),
                ['trained_model',
                 LGBMClassifier(bagging_fraction=0.6, bagging_freq=2,
                                feature_fraction=0.4, min_child_samples=41,
                                min_split_gain=0.9, n_estimators=260,
                                num_leaves=70, random_state=123, reg_alpha=2,
                                reg_lambda=3)]]), probability_threshold=None, encoded_labels=False, drift_report=False, raw_score=False, round=4, verbose=True, ml_usecase=MLUsecase.CLASSIFICATION, display=None, drift_kwargs=None)
2023-03-10 01:14:49,850:INFO:Checking exceptions
2023-03-10 01:14:49,851:INFO:Preloading libraries
2023-03-10 01:32:52,401:INFO:Initializing load_model()
2023-03-10 01:32:52,402:INFO:load_model(model_name=pickle_lgbm_pycaret, platform=None, authentication=None, verbose=True)
2023-03-10 01:32:52,473:INFO:Initializing predict_model()
2023-03-10 01:32:52,474:INFO:predict_model(estimator=Pipeline(steps=[('dtypes',
                 DataTypes_Auto_infer(categorical_features=['Education',
                                                            'Marital_Status'],
                                      ml_usecase='classification',
                                      numerical_features=['Kidhome', 'Teenhome',
                                                          'NumCatalogPurchases',
                                                          'NumDealsPurchases',
                                                          'NumStorePurchases',
                                                          'NumWebPurchases',
                                                          'NumWebVisitsMonth'],
                                      target='Response')),
                ('imputer',
                 Simple_Imputer(categorical_strategy='not_available...
                ('fix_perfect', Remove_100(target='Response')),
                ('clean_names', Clean_Colum_Names()),
                ('feature_select', 'passthrough'), ('fix_multi', 'passthrough'),
                ('dfs', 'passthrough'), ('pca', 'passthrough'),
                ['trained_model',
                 LGBMClassifier(bagging_fraction=0.6, bagging_freq=2,
                                feature_fraction=0.4, min_child_samples=41,
                                min_split_gain=0.9, n_estimators=260,
                                num_leaves=70, random_state=123, reg_alpha=2,
                                reg_lambda=3)]]), probability_threshold=None, encoded_labels=False, drift_report=False, raw_score=False, round=4, verbose=True, ml_usecase=MLUsecase.CLASSIFICATION, display=None, drift_kwargs=None)
2023-03-10 01:32:52,476:INFO:Checking exceptions
2023-03-10 01:32:52,480:INFO:Preloading libraries
2023-03-10 01:58:38,897:INFO:Initializing load_model()
2023-03-10 01:58:38,898:INFO:load_model(model_name=pickle_lgbm_pycaret, platform=None, authentication=None, verbose=True)
2023-03-10 01:58:38,974:INFO:Initializing predict_model()
2023-03-10 01:58:38,975:INFO:predict_model(estimator=Pipeline(steps=[('dtypes',
                 DataTypes_Auto_infer(categorical_features=['Education',
                                                            'Marital_Status'],
                                      ml_usecase='classification',
                                      numerical_features=['Kidhome', 'Teenhome',
                                                          'NumCatalogPurchases',
                                                          'NumDealsPurchases',
                                                          'NumStorePurchases',
                                                          'NumWebPurchases',
                                                          'NumWebVisitsMonth'],
                                      target='Response')),
                ('imputer',
                 Simple_Imputer(categorical_strategy='not_available...
                ('fix_perfect', Remove_100(target='Response')),
                ('clean_names', Clean_Colum_Names()),
                ('feature_select', 'passthrough'), ('fix_multi', 'passthrough'),
                ('dfs', 'passthrough'), ('pca', 'passthrough'),
                ['trained_model',
                 LGBMClassifier(bagging_fraction=0.6, bagging_freq=2,
                                feature_fraction=0.4, min_child_samples=41,
                                min_split_gain=0.9, n_estimators=260,
                                num_leaves=70, random_state=123, reg_alpha=2,
                                reg_lambda=3)]]), probability_threshold=None, encoded_labels=False, drift_report=False, raw_score=False, round=4, verbose=True, ml_usecase=MLUsecase.CLASSIFICATION, display=None, drift_kwargs=None)
2023-03-10 01:58:38,977:INFO:Checking exceptions
2023-03-10 01:58:38,981:INFO:Preloading libraries
2023-03-10 02:03:56,150:INFO:Initializing load_model()
2023-03-10 02:03:56,151:INFO:load_model(model_name=pickle_lgbm_pycaret, platform=None, authentication=None, verbose=True)
2023-03-10 02:03:56,197:INFO:Initializing predict_model()
2023-03-10 02:03:56,198:INFO:predict_model(estimator=Pipeline(steps=[('dtypes',
                 DataTypes_Auto_infer(categorical_features=['Education',
                                                            'Marital_Status'],
                                      ml_usecase='classification',
                                      numerical_features=['Kidhome', 'Teenhome',
                                                          'NumCatalogPurchases',
                                                          'NumDealsPurchases',
                                                          'NumStorePurchases',
                                                          'NumWebPurchases',
                                                          'NumWebVisitsMonth'],
                                      target='Response')),
                ('imputer',
                 Simple_Imputer(categorical_strategy='not_available...
                ('fix_perfect', Remove_100(target='Response')),
                ('clean_names', Clean_Colum_Names()),
                ('feature_select', 'passthrough'), ('fix_multi', 'passthrough'),
                ('dfs', 'passthrough'), ('pca', 'passthrough'),
                ['trained_model',
                 LGBMClassifier(bagging_fraction=0.6, bagging_freq=2,
                                feature_fraction=0.4, min_child_samples=41,
                                min_split_gain=0.9, n_estimators=260,
                                num_leaves=70, random_state=123, reg_alpha=2,
                                reg_lambda=3)]]), probability_threshold=None, encoded_labels=False, drift_report=False, raw_score=True, round=4, verbose=True, ml_usecase=MLUsecase.CLASSIFICATION, display=None, drift_kwargs=None)
2023-03-10 02:03:56,200:INFO:Checking exceptions
2023-03-10 02:03:56,204:INFO:Preloading libraries
2023-03-10 02:05:39,778:INFO:Initializing load_model()
2023-03-10 02:05:39,778:INFO:load_model(model_name=pickle_lgbm_pycaret, platform=None, authentication=None, verbose=True)
2023-03-10 02:05:39,829:INFO:Initializing predict_model()
2023-03-10 02:05:39,830:INFO:predict_model(estimator=Pipeline(steps=[('dtypes',
                 DataTypes_Auto_infer(categorical_features=['Education',
                                                            'Marital_Status'],
                                      ml_usecase='classification',
                                      numerical_features=['Kidhome', 'Teenhome',
                                                          'NumCatalogPurchases',
                                                          'NumDealsPurchases',
                                                          'NumStorePurchases',
                                                          'NumWebPurchases',
                                                          'NumWebVisitsMonth'],
                                      target='Response')),
                ('imputer',
                 Simple_Imputer(categorical_strategy='not_available...
                ('fix_perfect', Remove_100(target='Response')),
                ('clean_names', Clean_Colum_Names()),
                ('feature_select', 'passthrough'), ('fix_multi', 'passthrough'),
                ('dfs', 'passthrough'), ('pca', 'passthrough'),
                ['trained_model',
                 LGBMClassifier(bagging_fraction=0.6, bagging_freq=2,
                                feature_fraction=0.4, min_child_samples=41,
                                min_split_gain=0.9, n_estimators=260,
                                num_leaves=70, random_state=123, reg_alpha=2,
                                reg_lambda=3)]]), probability_threshold=None, encoded_labels=False, drift_report=False, raw_score=True, round=4, verbose=True, ml_usecase=MLUsecase.CLASSIFICATION, display=None, drift_kwargs=None)
2023-03-10 02:05:39,835:INFO:Checking exceptions
2023-03-10 02:05:39,838:INFO:Preloading libraries
2023-03-10 02:07:07,511:INFO:Initializing load_model()
2023-03-10 02:07:07,511:INFO:load_model(model_name=pickle_lgbm_pycaret, platform=None, authentication=None, verbose=True)
2023-03-10 02:07:07,573:INFO:Initializing predict_model()
2023-03-10 02:07:07,575:INFO:predict_model(estimator=Pipeline(steps=[('dtypes',
                 DataTypes_Auto_infer(categorical_features=['Education',
                                                            'Marital_Status'],
                                      ml_usecase='classification',
                                      numerical_features=['Kidhome', 'Teenhome',
                                                          'NumCatalogPurchases',
                                                          'NumDealsPurchases',
                                                          'NumStorePurchases',
                                                          'NumWebPurchases',
                                                          'NumWebVisitsMonth'],
                                      target='Response')),
                ('imputer',
                 Simple_Imputer(categorical_strategy='not_available...
                ('fix_perfect', Remove_100(target='Response')),
                ('clean_names', Clean_Colum_Names()),
                ('feature_select', 'passthrough'), ('fix_multi', 'passthrough'),
                ('dfs', 'passthrough'), ('pca', 'passthrough'),
                ['trained_model',
                 LGBMClassifier(bagging_fraction=0.6, bagging_freq=2,
                                feature_fraction=0.4, min_child_samples=41,
                                min_split_gain=0.9, n_estimators=260,
                                num_leaves=70, random_state=123, reg_alpha=2,
                                reg_lambda=3)]]), probability_threshold=None, encoded_labels=False, drift_report=False, raw_score=True, round=4, verbose=True, ml_usecase=MLUsecase.CLASSIFICATION, display=None, drift_kwargs=None)
2023-03-10 02:07:07,578:INFO:Checking exceptions
2023-03-10 02:07:07,583:INFO:Preloading libraries
2023-03-10 02:07:26,493:INFO:Initializing load_model()
2023-03-10 02:07:26,494:INFO:load_model(model_name=pickle_lgbm_pycaret, platform=None, authentication=None, verbose=True)
2023-03-10 02:07:26,570:INFO:Initializing predict_model()
2023-03-10 02:07:26,575:INFO:predict_model(estimator=Pipeline(steps=[('dtypes',
                 DataTypes_Auto_infer(categorical_features=['Education',
                                                            'Marital_Status'],
                                      ml_usecase='classification',
                                      numerical_features=['Kidhome', 'Teenhome',
                                                          'NumCatalogPurchases',
                                                          'NumDealsPurchases',
                                                          'NumStorePurchases',
                                                          'NumWebPurchases',
                                                          'NumWebVisitsMonth'],
                                      target='Response')),
                ('imputer',
                 Simple_Imputer(categorical_strategy='not_available...
                ('fix_perfect', Remove_100(target='Response')),
                ('clean_names', Clean_Colum_Names()),
                ('feature_select', 'passthrough'), ('fix_multi', 'passthrough'),
                ('dfs', 'passthrough'), ('pca', 'passthrough'),
                ['trained_model',
                 LGBMClassifier(bagging_fraction=0.6, bagging_freq=2,
                                feature_fraction=0.4, min_child_samples=41,
                                min_split_gain=0.9, n_estimators=260,
                                num_leaves=70, random_state=123, reg_alpha=2,
                                reg_lambda=3)]]), probability_threshold=None, encoded_labels=False, drift_report=False, raw_score=True, round=4, verbose=True, ml_usecase=MLUsecase.CLASSIFICATION, display=None, drift_kwargs=None)
2023-03-10 02:07:26,581:INFO:Checking exceptions
2023-03-10 02:07:26,586:INFO:Preloading libraries
2023-03-17 17:25:17,890:INFO:Initializing load_model()
2023-03-17 17:25:17,892:INFO:load_model(model_name=pickle/pickle_lgbm_pycaret.pkl, platform=None, authentication=None, verbose=True)
2023-03-17 17:25:35,785:INFO:Initializing load_model()
2023-03-17 17:25:35,786:INFO:load_model(model_name=pickle_lgbm_pycaret, platform=None, authentication=None, verbose=True)
2023-03-17 17:25:35,859:INFO:Initializing predict_model()
2023-03-17 17:25:35,859:INFO:predict_model(estimator=Pipeline(steps=[('dtypes',
                 DataTypes_Auto_infer(categorical_features=['Education',
                                                            'Marital_Status'],
                                      ml_usecase='classification',
                                      numerical_features=['Kidhome', 'Teenhome',
                                                          'NumCatalogPurchases',
                                                          'NumDealsPurchases',
                                                          'NumStorePurchases',
                                                          'NumWebPurchases',
                                                          'NumWebVisitsMonth'],
                                      target='Response')),
                ('imputer',
                 Simple_Imputer(categorical_strategy='not_available...
                ('clean_names', Clean_Colum_Names()),
                ('feature_select', 'passthrough'), ('fix_multi', 'passthrough'),
                ('dfs', 'passthrough'), ('pca', 'passthrough'),
                ['trained_model',
                 LGBMClassifier(bagging_fraction=0.6, bagging_freq=4,
                                feature_fraction=0.9, learning_rate=0.05,
                                min_child_samples=96, min_split_gain=0.7,
                                n_estimators=180, num_leaves=10,
                                random_state=123, reg_alpha=0.0001,
                                reg_lambda=0.1)]]), probability_threshold=None, encoded_labels=False, drift_report=False, raw_score=True, round=4, verbose=True, ml_usecase=MLUsecase.CLASSIFICATION, display=None, drift_kwargs=None)
2023-03-17 17:25:35,862:INFO:Checking exceptions
2023-03-17 17:25:35,865:INFO:Preloading libraries
2023-03-17 17:28:55,086:INFO:Initializing load_model()
2023-03-17 17:28:55,087:INFO:load_model(model_name=pickle_lgbm_pycaret, platform=None, authentication=None, verbose=True)
2023-03-17 17:28:55,145:INFO:Initializing predict_model()
2023-03-17 17:28:55,145:INFO:predict_model(estimator=Pipeline(steps=[('dtypes',
                 DataTypes_Auto_infer(categorical_features=['Education',
                                                            'Marital_Status'],
                                      ml_usecase='classification',
                                      numerical_features=['Kidhome', 'Teenhome',
                                                          'NumCatalogPurchases',
                                                          'NumDealsPurchases',
                                                          'NumStorePurchases',
                                                          'NumWebPurchases',
                                                          'NumWebVisitsMonth'],
                                      target='Response')),
                ('imputer',
                 Simple_Imputer(categorical_strategy='not_available...
                ('clean_names', Clean_Colum_Names()),
                ('feature_select', 'passthrough'), ('fix_multi', 'passthrough'),
                ('dfs', 'passthrough'), ('pca', 'passthrough'),
                ['trained_model',
                 LGBMClassifier(bagging_fraction=0.6, bagging_freq=4,
                                feature_fraction=0.9, learning_rate=0.05,
                                min_child_samples=96, min_split_gain=0.7,
                                n_estimators=180, num_leaves=10,
                                random_state=123, reg_alpha=0.0001,
                                reg_lambda=0.1)]]), probability_threshold=None, encoded_labels=False, drift_report=False, raw_score=True, round=4, verbose=True, ml_usecase=MLUsecase.CLASSIFICATION, display=None, drift_kwargs=None)
2023-03-17 17:28:55,147:INFO:Checking exceptions
2023-03-17 17:28:55,151:INFO:Preloading libraries
2023-03-17 17:30:36,610:INFO:Initializing load_model()
2023-03-17 17:30:36,610:INFO:load_model(model_name=pickle_lgbm_pycaret, platform=None, authentication=None, verbose=True)
2023-03-17 17:30:36,668:INFO:Initializing predict_model()
2023-03-17 17:30:36,668:INFO:predict_model(estimator=Pipeline(steps=[('dtypes',
                 DataTypes_Auto_infer(categorical_features=['Education',
                                                            'Marital_Status'],
                                      ml_usecase='classification',
                                      numerical_features=['Kidhome', 'Teenhome',
                                                          'NumCatalogPurchases',
                                                          'NumDealsPurchases',
                                                          'NumStorePurchases',
                                                          'NumWebPurchases',
                                                          'NumWebVisitsMonth'],
                                      target='Response')),
                ('imputer',
                 Simple_Imputer(categorical_strategy='not_available...
                ('clean_names', Clean_Colum_Names()),
                ('feature_select', 'passthrough'), ('fix_multi', 'passthrough'),
                ('dfs', 'passthrough'), ('pca', 'passthrough'),
                ['trained_model',
                 LGBMClassifier(bagging_fraction=0.6, bagging_freq=4,
                                feature_fraction=0.9, learning_rate=0.05,
                                min_child_samples=96, min_split_gain=0.7,
                                n_estimators=180, num_leaves=10,
                                random_state=123, reg_alpha=0.0001,
                                reg_lambda=0.1)]]), probability_threshold=None, encoded_labels=False, drift_report=False, raw_score=True, round=4, verbose=True, ml_usecase=MLUsecase.CLASSIFICATION, display=None, drift_kwargs=None)
2023-03-17 17:30:36,670:INFO:Checking exceptions
2023-03-17 17:30:36,674:INFO:Preloading libraries
2023-03-17 17:30:53,936:INFO:Initializing load_model()
2023-03-17 17:30:53,939:INFO:load_model(model_name=pickle_lgbm_pycaret, platform=None, authentication=None, verbose=True)
2023-03-17 17:30:54,005:INFO:Initializing predict_model()
2023-03-17 17:30:54,006:INFO:predict_model(estimator=Pipeline(steps=[('dtypes',
                 DataTypes_Auto_infer(categorical_features=['Education',
                                                            'Marital_Status'],
                                      ml_usecase='classification',
                                      numerical_features=['Kidhome', 'Teenhome',
                                                          'NumCatalogPurchases',
                                                          'NumDealsPurchases',
                                                          'NumStorePurchases',
                                                          'NumWebPurchases',
                                                          'NumWebVisitsMonth'],
                                      target='Response')),
                ('imputer',
                 Simple_Imputer(categorical_strategy='not_available...
                ('clean_names', Clean_Colum_Names()),
                ('feature_select', 'passthrough'), ('fix_multi', 'passthrough'),
                ('dfs', 'passthrough'), ('pca', 'passthrough'),
                ['trained_model',
                 LGBMClassifier(bagging_fraction=0.6, bagging_freq=4,
                                feature_fraction=0.9, learning_rate=0.05,
                                min_child_samples=96, min_split_gain=0.7,
                                n_estimators=180, num_leaves=10,
                                random_state=123, reg_alpha=0.0001,
                                reg_lambda=0.1)]]), probability_threshold=None, encoded_labels=False, drift_report=False, raw_score=True, round=4, verbose=True, ml_usecase=MLUsecase.CLASSIFICATION, display=None, drift_kwargs=None)
2023-03-17 17:30:54,009:INFO:Checking exceptions
2023-03-17 17:30:54,013:INFO:Preloading libraries
2023-03-17 17:32:18,012:INFO:Initializing load_model()
2023-03-17 17:32:18,013:INFO:load_model(model_name=pickle_lgbm_pycaret, platform=None, authentication=None, verbose=True)
2023-03-17 17:32:18,073:INFO:Initializing predict_model()
2023-03-17 17:32:18,073:INFO:predict_model(estimator=Pipeline(steps=[('dtypes',
                 DataTypes_Auto_infer(categorical_features=['Education',
                                                            'Marital_Status'],
                                      ml_usecase='classification',
                                      numerical_features=['Kidhome', 'Teenhome',
                                                          'NumCatalogPurchases',
                                                          'NumDealsPurchases',
                                                          'NumStorePurchases',
                                                          'NumWebPurchases',
                                                          'NumWebVisitsMonth'],
                                      target='Response')),
                ('imputer',
                 Simple_Imputer(categorical_strategy='not_available...
                ('clean_names', Clean_Colum_Names()),
                ('feature_select', 'passthrough'), ('fix_multi', 'passthrough'),
                ('dfs', 'passthrough'), ('pca', 'passthrough'),
                ['trained_model',
                 LGBMClassifier(bagging_fraction=0.6, bagging_freq=4,
                                feature_fraction=0.9, learning_rate=0.05,
                                min_child_samples=96, min_split_gain=0.7,
                                n_estimators=180, num_leaves=10,
                                random_state=123, reg_alpha=0.0001,
                                reg_lambda=0.1)]]), probability_threshold=None, encoded_labels=False, drift_report=False, raw_score=True, round=4, verbose=True, ml_usecase=MLUsecase.CLASSIFICATION, display=None, drift_kwargs=None)
2023-03-17 17:32:18,075:INFO:Checking exceptions
2023-03-17 17:32:18,079:INFO:Preloading libraries
2023-03-17 17:39:51,430:INFO:Initializing load_model()
2023-03-17 17:39:51,431:INFO:load_model(model_name=pickle_lgbm_pycaret, platform=None, authentication=None, verbose=True)
2023-03-17 17:39:51,501:INFO:Initializing predict_model()
2023-03-17 17:39:51,502:INFO:predict_model(estimator=Pipeline(steps=[('dtypes',
                 DataTypes_Auto_infer(categorical_features=['Education',
                                                            'Marital_Status'],
                                      ml_usecase='classification',
                                      numerical_features=['Kidhome', 'Teenhome',
                                                          'NumCatalogPurchases',
                                                          'NumDealsPurchases',
                                                          'NumStorePurchases',
                                                          'NumWebPurchases',
                                                          'NumWebVisitsMonth'],
                                      target='Response')),
                ('imputer',
                 Simple_Imputer(categorical_strategy='not_available...
                ('clean_names', Clean_Colum_Names()),
                ('feature_select', 'passthrough'), ('fix_multi', 'passthrough'),
                ('dfs', 'passthrough'), ('pca', 'passthrough'),
                ['trained_model',
                 LGBMClassifier(bagging_fraction=0.6, bagging_freq=4,
                                feature_fraction=0.9, learning_rate=0.05,
                                min_child_samples=96, min_split_gain=0.7,
                                n_estimators=180, num_leaves=10,
                                random_state=123, reg_alpha=0.0001,
                                reg_lambda=0.1)]]), probability_threshold=None, encoded_labels=False, drift_report=False, raw_score=True, round=4, verbose=True, ml_usecase=MLUsecase.CLASSIFICATION, display=None, drift_kwargs=None)
2023-03-17 17:39:51,504:INFO:Checking exceptions
2023-03-17 17:39:51,507:INFO:Preloading libraries
2023-03-17 17:42:01,935:INFO:Initializing load_model()
2023-03-17 17:42:01,936:INFO:load_model(model_name=pickle_lgbm_pycaret, platform=None, authentication=None, verbose=True)
2023-03-17 17:42:01,991:INFO:Initializing predict_model()
2023-03-17 17:42:01,991:INFO:predict_model(estimator=Pipeline(steps=[('dtypes',
                 DataTypes_Auto_infer(categorical_features=['Education',
                                                            'Marital_Status'],
                                      ml_usecase='classification',
                                      numerical_features=['Kidhome', 'Teenhome',
                                                          'NumCatalogPurchases',
                                                          'NumDealsPurchases',
                                                          'NumStorePurchases',
                                                          'NumWebPurchases',
                                                          'NumWebVisitsMonth'],
                                      target='Response')),
                ('imputer',
                 Simple_Imputer(categorical_strategy='not_available...
                ('clean_names', Clean_Colum_Names()),
                ('feature_select', 'passthrough'), ('fix_multi', 'passthrough'),
                ('dfs', 'passthrough'), ('pca', 'passthrough'),
                ['trained_model',
                 LGBMClassifier(bagging_fraction=0.6, bagging_freq=4,
                                feature_fraction=0.9, learning_rate=0.05,
                                min_child_samples=96, min_split_gain=0.7,
                                n_estimators=180, num_leaves=10,
                                random_state=123, reg_alpha=0.0001,
                                reg_lambda=0.1)]]), probability_threshold=None, encoded_labels=False, drift_report=False, raw_score=True, round=4, verbose=True, ml_usecase=MLUsecase.CLASSIFICATION, display=None, drift_kwargs=None)
2023-03-17 17:42:01,993:INFO:Checking exceptions
2023-03-17 17:42:01,997:INFO:Preloading libraries
